2015-08-28 14:24:52 [127.0.0.1][-][-][error][yii\base\InvalidConfigException] exception 'yii\base\InvalidConfigException' with message 'yii\web\Request::cookieValidationKey must be configured with a secret key.' in C:\OpenServer\domains\yii2testtask\vendor\yiisoft\yii2\web\Request.php:1211
Stack trace:
#0 C:\OpenServer\domains\yii2testtask\vendor\yiisoft\yii2\web\Request.php(1193): yii\web\Request->loadCookies()
#1 C:\OpenServer\domains\yii2testtask\vendor\yiisoft\yii2\web\Request.php(1271): yii\web\Request->getCookies()
#2 C:\OpenServer\domains\yii2testtask\vendor\yiisoft\yii2\web\Request.php(1250): yii\web\Request->loadCsrfToken()
#3 C:\OpenServer\domains\yii2testtask\vendor\yiisoft\yii2\helpers\BaseHtml.php(266): yii\web\Request->getCsrfToken()
#4 C:\OpenServer\domains\yii2testtask\views\layouts\main.php(18): yii\helpers\BaseHtml::csrfMetaTags()
#5 C:\OpenServer\domains\yii2testtask\vendor\yiisoft\yii2\base\View.php(325): require('C:\\OpenServer\\d...')
#6 C:\OpenServer\domains\yii2testtask\vendor\yiisoft\yii2\base\View.php(247): yii\base\View->renderPhpFile('C:\\OpenServer\\d...', Array)
#7 C:\OpenServer\domains\yii2testtask\vendor\yiisoft\yii2\base\Controller.php(382): yii\base\View->renderFile('C:\\OpenServer\\d...', Array, Object(app\controllers\SiteController))
#8 C:\OpenServer\domains\yii2testtask\vendor\yiisoft\yii2\base\Controller.php(368): yii\base\Controller->renderContent('\n')
#9 C:\OpenServer\domains\yii2testtask\controllers\SiteController.php(52): yii\base\Controller->render('index')
#10 [internal function]: app\controllers\SiteController->actionIndex()
#11 C:\OpenServer\domains\yii2testtask\vendor\yiisoft\yii2\base\InlineAction.php(55): call_user_func_array(Array, Array)
#12 C:\OpenServer\domains\yii2testtask\vendor\yiisoft\yii2\base\Controller.php(151): yii\base\InlineAction->runWithParams(Array)
#13 C:\OpenServer\domains\yii2testtask\vendor\yiisoft\yii2\base\Module.php(455): yii\base\Controller->runAction('', Array)
#14 C:\OpenServer\domains\yii2testtask\vendor\yiisoft\yii2\web\Application.php(83): yii\base\Module->runAction('', Array)
#15 C:\OpenServer\domains\yii2testtask\vendor\yiisoft\yii2\base\Application.php(375): yii\web\Application->handleRequest(Object(yii\web\Request))
#16 C:\OpenServer\domains\yii2testtask\www\index.php(12): yii\base\Application->run()
#17 {main}
2015-08-28 14:24:52 [127.0.0.1][-][-][info][application] $_SERVER = [
    'HTTP_HOST' => 'yii2testtask'
    'HTTP_CONNECTION' => 'keep-alive'
    'CONTENT_LENGTH' => '0'
    'HTTP_USER_AGENT' => 'Mozilla/5.0 (Windows NT 10.0) AppleWebKit/537.36 (KHTML, like Gecko) Chrome/44.0.2403.157 Safari/537.36'
    'HTTP_ACCEPT_ENCODING' => 'gzip, deflate, sdch'
    'HTTP_ACCEPT_LANGUAGE' => 'ru-RU,ru;q=0.8,en-US;q=0.6,en;q=0.4,uk;q=0.2,de;q=0.2'
    'PATH' => 'c:\\openserver\\modules\\php\\PHP-5.6\\ext;c:\\openserver\\modules\\php\\PHP-5.6\\pear;c:\\openserver\\modules\\php\\PHP-5.6\\pear\\bin;c:\\openserver\\modules\\php\\PHP-5.6;c:\\openserver\\modules\\wget\\bin;c:\\openserver\\modules\\database\\MySQL-5.5\\bin;c:\\openserver\\modules\\http\\Apache-2.4\\bin;c:\\openserver\\modules\\http\\Apache-2.4;C:\\Windows\\system32;C:\\Windows;C:\\Windows\\system32\\Wbem'
    'SystemRoot' => 'C:\\Windows'
    'COMSPEC' => 'C:\\Windows\\system32\\cmd.exe'
    'PATHEXT' => '.COM;.EXE;.BAT;.CMD;.VBS;.VBE;.JS;.JSE;.WSF;.WSH;.MSC'
    'WINDIR' => 'C:\\Windows'
    'SERVER_SIGNATURE' => ''
    'SERVER_SOFTWARE' => 'Apache/2.4.10 (Win32)'
    'SERVER_NAME' => 'yii2testtask'
    'SERVER_ADDR' => '127.0.0.1'
    'SERVER_PORT' => '80'
    'REMOTE_ADDR' => '127.0.0.1'
    'DOCUMENT_ROOT' => 'C:/OpenServer/domains/yii2testtask/www'
    'REQUEST_SCHEME' => 'http'
    'CONTEXT_PREFIX' => ''
    'CONTEXT_DOCUMENT_ROOT' => 'C:/OpenServer/domains/yii2testtask/www'
    'SERVER_ADMIN' => '[no address given]'
    'SCRIPT_FILENAME' => 'C:/OpenServer/domains/yii2testtask/www/index.php'
    'REMOTE_PORT' => '43565'
    'GATEWAY_INTERFACE' => 'CGI/1.1'
    'SERVER_PROTOCOL' => 'HTTP/1.1'
    'REQUEST_METHOD' => 'HEAD'
    'QUERY_STRING' => ''
    'REQUEST_URI' => '/'
    'SCRIPT_NAME' => '/index.php'
    'PHP_SELF' => '/index.php'
    'REQUEST_TIME_FLOAT' => 1440761092.165
    'REQUEST_TIME' => 1440761092
    'argv' => []
    'argc' => 0
]
2015-08-28 14:24:57 [127.0.0.1][-][-][error][yii\base\InvalidConfigException] exception 'yii\base\InvalidConfigException' with message 'yii\web\Request::cookieValidationKey must be configured with a secret key.' in C:\OpenServer\domains\yii2testtask\vendor\yiisoft\yii2\web\Request.php:1211
Stack trace:
#0 C:\OpenServer\domains\yii2testtask\vendor\yiisoft\yii2\web\Request.php(1193): yii\web\Request->loadCookies()
#1 C:\OpenServer\domains\yii2testtask\vendor\yiisoft\yii2\web\Request.php(1271): yii\web\Request->getCookies()
#2 C:\OpenServer\domains\yii2testtask\vendor\yiisoft\yii2\web\Request.php(1250): yii\web\Request->loadCsrfToken()
#3 C:\OpenServer\domains\yii2testtask\vendor\yiisoft\yii2\helpers\BaseHtml.php(266): yii\web\Request->getCsrfToken()
#4 C:\OpenServer\domains\yii2testtask\views\layouts\main.php(18): yii\helpers\BaseHtml::csrfMetaTags()
#5 C:\OpenServer\domains\yii2testtask\vendor\yiisoft\yii2\base\View.php(325): require('C:\\OpenServer\\d...')
#6 C:\OpenServer\domains\yii2testtask\vendor\yiisoft\yii2\base\View.php(247): yii\base\View->renderPhpFile('C:\\OpenServer\\d...', Array)
#7 C:\OpenServer\domains\yii2testtask\vendor\yiisoft\yii2\base\Controller.php(382): yii\base\View->renderFile('C:\\OpenServer\\d...', Array, Object(app\controllers\SiteController))
#8 C:\OpenServer\domains\yii2testtask\vendor\yiisoft\yii2\base\Controller.php(368): yii\base\Controller->renderContent('\n')
#9 C:\OpenServer\domains\yii2testtask\controllers\SiteController.php(52): yii\base\Controller->render('index')
#10 [internal function]: app\controllers\SiteController->actionIndex()
#11 C:\OpenServer\domains\yii2testtask\vendor\yiisoft\yii2\base\InlineAction.php(55): call_user_func_array(Array, Array)
#12 C:\OpenServer\domains\yii2testtask\vendor\yiisoft\yii2\base\Controller.php(151): yii\base\InlineAction->runWithParams(Array)
#13 C:\OpenServer\domains\yii2testtask\vendor\yiisoft\yii2\base\Module.php(455): yii\base\Controller->runAction('', Array)
#14 C:\OpenServer\domains\yii2testtask\vendor\yiisoft\yii2\web\Application.php(83): yii\base\Module->runAction('', Array)
#15 C:\OpenServer\domains\yii2testtask\vendor\yiisoft\yii2\base\Application.php(375): yii\web\Application->handleRequest(Object(yii\web\Request))
#16 C:\OpenServer\domains\yii2testtask\www\index.php(12): yii\base\Application->run()
#17 {main}
2015-08-28 14:24:57 [127.0.0.1][-][-][info][application] $_SERVER = [
    'HTTP_HOST' => 'yii2testtask'
    'HTTP_CONNECTION' => 'keep-alive'
    'CONTENT_LENGTH' => '0'
    'HTTP_USER_AGENT' => 'Mozilla/5.0 (Windows NT 10.0) AppleWebKit/537.36 (KHTML, like Gecko) Chrome/44.0.2403.157 Safari/537.36'
    'HTTP_ACCEPT_ENCODING' => 'gzip, deflate, sdch'
    'HTTP_ACCEPT_LANGUAGE' => 'ru-RU,ru;q=0.8,en-US;q=0.6,en;q=0.4,uk;q=0.2,de;q=0.2'
    'PATH' => 'c:\\openserver\\modules\\php\\PHP-5.6\\ext;c:\\openserver\\modules\\php\\PHP-5.6\\pear;c:\\openserver\\modules\\php\\PHP-5.6\\pear\\bin;c:\\openserver\\modules\\php\\PHP-5.6;c:\\openserver\\modules\\wget\\bin;c:\\openserver\\modules\\database\\MySQL-5.5\\bin;c:\\openserver\\modules\\http\\Apache-2.4\\bin;c:\\openserver\\modules\\http\\Apache-2.4;C:\\Windows\\system32;C:\\Windows;C:\\Windows\\system32\\Wbem'
    'SystemRoot' => 'C:\\Windows'
    'COMSPEC' => 'C:\\Windows\\system32\\cmd.exe'
    'PATHEXT' => '.COM;.EXE;.BAT;.CMD;.VBS;.VBE;.JS;.JSE;.WSF;.WSH;.MSC'
    'WINDIR' => 'C:\\Windows'
    'SERVER_SIGNATURE' => ''
    'SERVER_SOFTWARE' => 'Apache/2.4.10 (Win32)'
    'SERVER_NAME' => 'yii2testtask'
    'SERVER_ADDR' => '127.0.0.1'
    'SERVER_PORT' => '80'
    'REMOTE_ADDR' => '127.0.0.1'
    'DOCUMENT_ROOT' => 'C:/OpenServer/domains/yii2testtask/www'
    'REQUEST_SCHEME' => 'http'
    'CONTEXT_PREFIX' => ''
    'CONTEXT_DOCUMENT_ROOT' => 'C:/OpenServer/domains/yii2testtask/www'
    'SERVER_ADMIN' => '[no address given]'
    'SCRIPT_FILENAME' => 'C:/OpenServer/domains/yii2testtask/www/index.php'
    'REMOTE_PORT' => '43591'
    'GATEWAY_INTERFACE' => 'CGI/1.1'
    'SERVER_PROTOCOL' => 'HTTP/1.1'
    'REQUEST_METHOD' => 'HEAD'
    'QUERY_STRING' => ''
    'REQUEST_URI' => '/'
    'SCRIPT_NAME' => '/index.php'
    'PHP_SELF' => '/index.php'
    'REQUEST_TIME_FLOAT' => 1440761097.202
    'REQUEST_TIME' => 1440761097
    'argv' => []
    'argc' => 0
]
2015-08-28 14:25:38 [127.0.0.1][-][-][error][yii\base\InvalidConfigException] exception 'yii\base\InvalidConfigException' with message 'yii\web\Request::cookieValidationKey must be configured with a secret key.' in C:\OpenServer\domains\yii2testtask\vendor\yiisoft\yii2\web\Request.php:1211
Stack trace:
#0 C:\OpenServer\domains\yii2testtask\vendor\yiisoft\yii2\web\Request.php(1193): yii\web\Request->loadCookies()
#1 C:\OpenServer\domains\yii2testtask\vendor\yiisoft\yii2\web\Request.php(1271): yii\web\Request->getCookies()
#2 C:\OpenServer\domains\yii2testtask\vendor\yiisoft\yii2\web\Request.php(1250): yii\web\Request->loadCsrfToken()
#3 C:\OpenServer\domains\yii2testtask\vendor\yiisoft\yii2\helpers\BaseHtml.php(266): yii\web\Request->getCsrfToken()
#4 C:\OpenServer\domains\yii2testtask\views\layouts\main.php(18): yii\helpers\BaseHtml::csrfMetaTags()
#5 C:\OpenServer\domains\yii2testtask\vendor\yiisoft\yii2\base\View.php(325): require('C:\\OpenServer\\d...')
#6 C:\OpenServer\domains\yii2testtask\vendor\yiisoft\yii2\base\View.php(247): yii\base\View->renderPhpFile('C:\\OpenServer\\d...', Array)
#7 C:\OpenServer\domains\yii2testtask\vendor\yiisoft\yii2\base\Controller.php(382): yii\base\View->renderFile('C:\\OpenServer\\d...', Array, Object(app\controllers\SiteController))
#8 C:\OpenServer\domains\yii2testtask\vendor\yiisoft\yii2\base\Controller.php(368): yii\base\Controller->renderContent('\n')
#9 C:\OpenServer\domains\yii2testtask\controllers\SiteController.php(52): yii\base\Controller->render('index')
#10 [internal function]: app\controllers\SiteController->actionIndex()
#11 C:\OpenServer\domains\yii2testtask\vendor\yiisoft\yii2\base\InlineAction.php(55): call_user_func_array(Array, Array)
#12 C:\OpenServer\domains\yii2testtask\vendor\yiisoft\yii2\base\Controller.php(151): yii\base\InlineAction->runWithParams(Array)
#13 C:\OpenServer\domains\yii2testtask\vendor\yiisoft\yii2\base\Module.php(455): yii\base\Controller->runAction('', Array)
#14 C:\OpenServer\domains\yii2testtask\vendor\yiisoft\yii2\web\Application.php(83): yii\base\Module->runAction('', Array)
#15 C:\OpenServer\domains\yii2testtask\vendor\yiisoft\yii2\base\Application.php(375): yii\web\Application->handleRequest(Object(yii\web\Request))
#16 C:\OpenServer\domains\yii2testtask\www\index.php(12): yii\base\Application->run()
#17 {main}
2015-08-28 14:25:38 [127.0.0.1][-][-][info][application] $_SERVER = [
    'HTTP_HOST' => 'yii2testtask'
    'HTTP_CONNECTION' => 'keep-alive'
    'CONTENT_LENGTH' => '0'
    'HTTP_USER_AGENT' => 'Mozilla/5.0 (Windows NT 10.0) AppleWebKit/537.36 (KHTML, like Gecko) Chrome/44.0.2403.157 Safari/537.36'
    'HTTP_ACCEPT_ENCODING' => 'gzip, deflate, sdch'
    'HTTP_ACCEPT_LANGUAGE' => 'ru-RU,ru;q=0.8,en-US;q=0.6,en;q=0.4,uk;q=0.2,de;q=0.2'
    'PATH' => 'c:\\openserver\\modules\\php\\PHP-5.6\\ext;c:\\openserver\\modules\\php\\PHP-5.6\\pear;c:\\openserver\\modules\\php\\PHP-5.6\\pear\\bin;c:\\openserver\\modules\\php\\PHP-5.6;c:\\openserver\\modules\\wget\\bin;c:\\openserver\\modules\\database\\MySQL-5.5\\bin;c:\\openserver\\modules\\http\\Apache-2.4\\bin;c:\\openserver\\modules\\http\\Apache-2.4;C:\\Windows\\system32;C:\\Windows;C:\\Windows\\system32\\Wbem'
    'SystemRoot' => 'C:\\Windows'
    'COMSPEC' => 'C:\\Windows\\system32\\cmd.exe'
    'PATHEXT' => '.COM;.EXE;.BAT;.CMD;.VBS;.VBE;.JS;.JSE;.WSF;.WSH;.MSC'
    'WINDIR' => 'C:\\Windows'
    'SERVER_SIGNATURE' => ''
    'SERVER_SOFTWARE' => 'Apache/2.4.10 (Win32)'
    'SERVER_NAME' => 'yii2testtask'
    'SERVER_ADDR' => '127.0.0.1'
    'SERVER_PORT' => '80'
    'REMOTE_ADDR' => '127.0.0.1'
    'DOCUMENT_ROOT' => 'C:/OpenServer/domains/yii2testtask/www'
    'REQUEST_SCHEME' => 'http'
    'CONTEXT_PREFIX' => ''
    'CONTEXT_DOCUMENT_ROOT' => 'C:/OpenServer/domains/yii2testtask/www'
    'SERVER_ADMIN' => '[no address given]'
    'SCRIPT_FILENAME' => 'C:/OpenServer/domains/yii2testtask/www/index.php'
    'REMOTE_PORT' => '43604'
    'GATEWAY_INTERFACE' => 'CGI/1.1'
    'SERVER_PROTOCOL' => 'HTTP/1.1'
    'REQUEST_METHOD' => 'HEAD'
    'QUERY_STRING' => ''
    'REQUEST_URI' => '/'
    'SCRIPT_NAME' => '/index.php'
    'PHP_SELF' => '/index.php'
    'REQUEST_TIME_FLOAT' => 1440761138.02
    'REQUEST_TIME' => 1440761138
    'argv' => []
    'argc' => 0
]
2015-08-28 14:26:35 [127.0.0.1][-][-][error][yii\base\InvalidConfigException] exception 'yii\base\InvalidConfigException' with message 'yii\web\Request::cookieValidationKey must be configured with a secret key.' in C:\OpenServer\domains\yii2testtask\vendor\yiisoft\yii2\web\Request.php:1211
Stack trace:
#0 C:\OpenServer\domains\yii2testtask\vendor\yiisoft\yii2\web\Request.php(1193): yii\web\Request->loadCookies()
#1 C:\OpenServer\domains\yii2testtask\vendor\yiisoft\yii2\web\Request.php(1271): yii\web\Request->getCookies()
#2 C:\OpenServer\domains\yii2testtask\vendor\yiisoft\yii2\web\Request.php(1250): yii\web\Request->loadCsrfToken()
#3 C:\OpenServer\domains\yii2testtask\vendor\yiisoft\yii2\helpers\BaseHtml.php(266): yii\web\Request->getCsrfToken()
#4 C:\OpenServer\domains\yii2testtask\views\layouts\main.php(18): yii\helpers\BaseHtml::csrfMetaTags()
#5 C:\OpenServer\domains\yii2testtask\vendor\yiisoft\yii2\base\View.php(325): require('C:\\OpenServer\\d...')
#6 C:\OpenServer\domains\yii2testtask\vendor\yiisoft\yii2\base\View.php(247): yii\base\View->renderPhpFile('C:\\OpenServer\\d...', Array)
#7 C:\OpenServer\domains\yii2testtask\vendor\yiisoft\yii2\base\Controller.php(382): yii\base\View->renderFile('C:\\OpenServer\\d...', Array, Object(app\controllers\SiteController))
#8 C:\OpenServer\domains\yii2testtask\vendor\yiisoft\yii2\base\Controller.php(368): yii\base\Controller->renderContent('\n')
#9 C:\OpenServer\domains\yii2testtask\controllers\SiteController.php(52): yii\base\Controller->render('index')
#10 [internal function]: app\controllers\SiteController->actionIndex()
#11 C:\OpenServer\domains\yii2testtask\vendor\yiisoft\yii2\base\InlineAction.php(55): call_user_func_array(Array, Array)
#12 C:\OpenServer\domains\yii2testtask\vendor\yiisoft\yii2\base\Controller.php(151): yii\base\InlineAction->runWithParams(Array)
#13 C:\OpenServer\domains\yii2testtask\vendor\yiisoft\yii2\base\Module.php(455): yii\base\Controller->runAction('', Array)
#14 C:\OpenServer\domains\yii2testtask\vendor\yiisoft\yii2\web\Application.php(83): yii\base\Module->runAction('', Array)
#15 C:\OpenServer\domains\yii2testtask\vendor\yiisoft\yii2\base\Application.php(375): yii\web\Application->handleRequest(Object(yii\web\Request))
#16 C:\OpenServer\domains\yii2testtask\www\index.php(12): yii\base\Application->run()
#17 {main}
2015-08-28 14:26:35 [127.0.0.1][-][-][info][application] $_SERVER = [
    'HTTP_HOST' => 'yii2testtask'
    'HTTP_CONNECTION' => 'keep-alive'
    'HTTP_ACCEPT' => 'text/html,application/xhtml+xml,application/xml;q=0.9,image/webp,*/*;q=0.8'
    'HTTP_UPGRADE_INSECURE_REQUESTS' => '1'
    'HTTP_USER_AGENT' => 'Mozilla/5.0 (Windows NT 10.0) AppleWebKit/537.36 (KHTML, like Gecko) Chrome/44.0.2403.157 Safari/537.36'
    'HTTP_ACCEPT_ENCODING' => 'gzip, deflate, sdch'
    'HTTP_ACCEPT_LANGUAGE' => 'ru-RU,ru;q=0.8,en-US;q=0.6,en;q=0.4,uk;q=0.2,de;q=0.2'
    'PATH' => 'c:\\openserver\\modules\\php\\PHP-5.6\\ext;c:\\openserver\\modules\\php\\PHP-5.6\\pear;c:\\openserver\\modules\\php\\PHP-5.6\\pear\\bin;c:\\openserver\\modules\\php\\PHP-5.6;c:\\openserver\\modules\\wget\\bin;c:\\openserver\\modules\\database\\MySQL-5.5\\bin;c:\\openserver\\modules\\http\\Apache-2.4\\bin;c:\\openserver\\modules\\http\\Apache-2.4;C:\\Windows\\system32;C:\\Windows;C:\\Windows\\system32\\Wbem'
    'SystemRoot' => 'C:\\Windows'
    'COMSPEC' => 'C:\\Windows\\system32\\cmd.exe'
    'PATHEXT' => '.COM;.EXE;.BAT;.CMD;.VBS;.VBE;.JS;.JSE;.WSF;.WSH;.MSC'
    'WINDIR' => 'C:\\Windows'
    'SERVER_SIGNATURE' => ''
    'SERVER_SOFTWARE' => 'Apache/2.4.10 (Win32)'
    'SERVER_NAME' => 'yii2testtask'
    'SERVER_ADDR' => '127.0.0.1'
    'SERVER_PORT' => '80'
    'REMOTE_ADDR' => '127.0.0.1'
    'DOCUMENT_ROOT' => 'C:/OpenServer/domains/yii2testtask/www'
    'REQUEST_SCHEME' => 'http'
    'CONTEXT_PREFIX' => ''
    'CONTEXT_DOCUMENT_ROOT' => 'C:/OpenServer/domains/yii2testtask/www'
    'SERVER_ADMIN' => '[no address given]'
    'SCRIPT_FILENAME' => 'C:/OpenServer/domains/yii2testtask/www/index.php'
    'REMOTE_PORT' => '43651'
    'GATEWAY_INTERFACE' => 'CGI/1.1'
    'SERVER_PROTOCOL' => 'HTTP/1.1'
    'REQUEST_METHOD' => 'GET'
    'QUERY_STRING' => ''
    'REQUEST_URI' => '/'
    'SCRIPT_NAME' => '/index.php'
    'PHP_SELF' => '/index.php'
    'REQUEST_TIME_FLOAT' => 1440761195.163
    'REQUEST_TIME' => 1440761195
    'argv' => []
    'argc' => 0
]
2015-08-28 16:25:31 [127.0.0.1][-][-][error][yii\web\HttpException:404] exception 'yii\base\InvalidRouteException' with message 'Unable to resolve the request "css/site.css".' in C:\OpenServer\domains\yii2testtask\vendor\yiisoft\yii2\base\Module.php:461
Stack trace:
#0 C:\OpenServer\domains\yii2testtask\vendor\yiisoft\yii2\web\Application.php(83): yii\base\Module->runAction('css/site.css', Array)
#1 C:\OpenServer\domains\yii2testtask\vendor\yiisoft\yii2\base\Application.php(375): yii\web\Application->handleRequest(Object(yii\web\Request))
#2 C:\OpenServer\domains\yii2testtask\www\index.php(12): yii\base\Application->run()
#3 {main}

Next exception 'yii\web\NotFoundHttpException' with message 'Page not found.' in C:\OpenServer\domains\yii2testtask\vendor\yiisoft\yii2\web\Application.php:95
Stack trace:
#0 C:\OpenServer\domains\yii2testtask\vendor\yiisoft\yii2\base\Application.php(375): yii\web\Application->handleRequest(Object(yii\web\Request))
#1 C:\OpenServer\domains\yii2testtask\www\index.php(12): yii\base\Application->run()
#2 {main}
2015-08-28 16:25:31 [127.0.0.1][-][-][info][application] $_COOKIE = [
    '_csrf' => '093a6021e431e616afe40544023610b9a23199ae9066d700891369270b9c1e43s:32:\"Rzhm92UUws1wn29rtEObQxvbnRrHVNWP\";'
]

$_SERVER = [
    'REDIRECT_STATUS' => '200'
    'HTTP_HOST' => 'yii2testtask'
    'HTTP_CONNECTION' => 'keep-alive'
    'HTTP_CACHE_CONTROL' => 'max-age=0'
    'HTTP_ACCEPT' => 'text/css,*/*;q=0.1'
    'HTTP_USER_AGENT' => 'Mozilla/5.0 (Windows NT 10.0) AppleWebKit/537.36 (KHTML, like Gecko) Chrome/44.0.2403.157 Safari/537.36'
    'HTTP_REFERER' => 'http://yii2testtask/'
    'HTTP_ACCEPT_ENCODING' => 'gzip, deflate, sdch'
    'HTTP_ACCEPT_LANGUAGE' => 'ru-RU,ru;q=0.8,en-US;q=0.6,en;q=0.4,uk;q=0.2,de;q=0.2'
    'HTTP_COOKIE' => '_csrf=093a6021e431e616afe40544023610b9a23199ae9066d700891369270b9c1e43s%3A32%3A%22Rzhm92UUws1wn29rtEObQxvbnRrHVNWP%22%3B'
    'PATH' => 'c:\\openserver\\modules\\php\\PHP-5.6\\ext;c:\\openserver\\modules\\php\\PHP-5.6\\pear;c:\\openserver\\modules\\php\\PHP-5.6\\pear\\bin;c:\\openserver\\modules\\php\\PHP-5.6;c:\\openserver\\modules\\wget\\bin;c:\\openserver\\modules\\database\\MySQL-5.5\\bin;c:\\openserver\\modules\\http\\Apache-2.4\\bin;c:\\openserver\\modules\\http\\Apache-2.4;C:\\Windows\\system32;C:\\Windows;C:\\Windows\\system32\\Wbem'
    'SystemRoot' => 'C:\\Windows'
    'COMSPEC' => 'C:\\Windows\\system32\\cmd.exe'
    'PATHEXT' => '.COM;.EXE;.BAT;.CMD;.VBS;.VBE;.JS;.JSE;.WSF;.WSH;.MSC'
    'WINDIR' => 'C:\\Windows'
    'SERVER_SIGNATURE' => ''
    'SERVER_SOFTWARE' => 'Apache/2.4.10 (Win32)'
    'SERVER_NAME' => 'yii2testtask'
    'SERVER_ADDR' => '127.0.0.1'
    'SERVER_PORT' => '80'
    'REMOTE_ADDR' => '127.0.0.1'
    'DOCUMENT_ROOT' => 'C:/OpenServer/domains/yii2testtask/www'
    'REQUEST_SCHEME' => 'http'
    'CONTEXT_PREFIX' => ''
    'CONTEXT_DOCUMENT_ROOT' => 'C:/OpenServer/domains/yii2testtask/www'
    'SERVER_ADMIN' => '[no address given]'
    'SCRIPT_FILENAME' => 'C:/OpenServer/domains/yii2testtask/www/index.php'
    'REMOTE_PORT' => '44092'
    'REDIRECT_URL' => '/css/site.css'
    'GATEWAY_INTERFACE' => 'CGI/1.1'
    'SERVER_PROTOCOL' => 'HTTP/1.1'
    'REQUEST_METHOD' => 'GET'
    'QUERY_STRING' => ''
    'REQUEST_URI' => '/css/site.css'
    'SCRIPT_NAME' => '/index.php'
    'PHP_SELF' => '/index.php'
    'REQUEST_TIME_FLOAT' => 1440768331.629
    'REQUEST_TIME' => 1440768331
    'argv' => []
    'argc' => 0
]
2015-08-28 16:25:37 [127.0.0.1][-][-][error][yii\web\HttpException:404] exception 'yii\base\InvalidRouteException' with message 'Unable to resolve the request "css/site.css".' in C:\OpenServer\domains\yii2testtask\vendor\yiisoft\yii2\base\Module.php:461
Stack trace:
#0 C:\OpenServer\domains\yii2testtask\vendor\yiisoft\yii2\web\Application.php(83): yii\base\Module->runAction('css/site.css', Array)
#1 C:\OpenServer\domains\yii2testtask\vendor\yiisoft\yii2\base\Application.php(375): yii\web\Application->handleRequest(Object(yii\web\Request))
#2 C:\OpenServer\domains\yii2testtask\www\index.php(12): yii\base\Application->run()
#3 {main}

Next exception 'yii\web\NotFoundHttpException' with message 'Page not found.' in C:\OpenServer\domains\yii2testtask\vendor\yiisoft\yii2\web\Application.php:95
Stack trace:
#0 C:\OpenServer\domains\yii2testtask\vendor\yiisoft\yii2\base\Application.php(375): yii\web\Application->handleRequest(Object(yii\web\Request))
#1 C:\OpenServer\domains\yii2testtask\www\index.php(12): yii\base\Application->run()
#2 {main}
2015-08-28 16:25:37 [127.0.0.1][-][-][info][application] $_COOKIE = [
    '_csrf' => '093a6021e431e616afe40544023610b9a23199ae9066d700891369270b9c1e43s:32:\"Rzhm92UUws1wn29rtEObQxvbnRrHVNWP\";'
]

$_SERVER = [
    'REDIRECT_STATUS' => '200'
    'HTTP_HOST' => 'yii2testtask'
    'HTTP_CONNECTION' => 'keep-alive'
    'HTTP_ACCEPT' => 'text/css,*/*;q=0.1'
    'HTTP_USER_AGENT' => 'Mozilla/5.0 (Windows NT 10.0) AppleWebKit/537.36 (KHTML, like Gecko) Chrome/44.0.2403.157 Safari/537.36'
    'HTTP_REFERER' => 'http://yii2testtask/index.php'
    'HTTP_ACCEPT_ENCODING' => 'gzip, deflate, sdch'
    'HTTP_ACCEPT_LANGUAGE' => 'ru-RU,ru;q=0.8,en-US;q=0.6,en;q=0.4,uk;q=0.2,de;q=0.2'
    'HTTP_COOKIE' => '_csrf=093a6021e431e616afe40544023610b9a23199ae9066d700891369270b9c1e43s%3A32%3A%22Rzhm92UUws1wn29rtEObQxvbnRrHVNWP%22%3B'
    'PATH' => 'c:\\openserver\\modules\\php\\PHP-5.6\\ext;c:\\openserver\\modules\\php\\PHP-5.6\\pear;c:\\openserver\\modules\\php\\PHP-5.6\\pear\\bin;c:\\openserver\\modules\\php\\PHP-5.6;c:\\openserver\\modules\\wget\\bin;c:\\openserver\\modules\\database\\MySQL-5.5\\bin;c:\\openserver\\modules\\http\\Apache-2.4\\bin;c:\\openserver\\modules\\http\\Apache-2.4;C:\\Windows\\system32;C:\\Windows;C:\\Windows\\system32\\Wbem'
    'SystemRoot' => 'C:\\Windows'
    'COMSPEC' => 'C:\\Windows\\system32\\cmd.exe'
    'PATHEXT' => '.COM;.EXE;.BAT;.CMD;.VBS;.VBE;.JS;.JSE;.WSF;.WSH;.MSC'
    'WINDIR' => 'C:\\Windows'
    'SERVER_SIGNATURE' => ''
    'SERVER_SOFTWARE' => 'Apache/2.4.10 (Win32)'
    'SERVER_NAME' => 'yii2testtask'
    'SERVER_ADDR' => '127.0.0.1'
    'SERVER_PORT' => '80'
    'REMOTE_ADDR' => '127.0.0.1'
    'DOCUMENT_ROOT' => 'C:/OpenServer/domains/yii2testtask/www'
    'REQUEST_SCHEME' => 'http'
    'CONTEXT_PREFIX' => ''
    'CONTEXT_DOCUMENT_ROOT' => 'C:/OpenServer/domains/yii2testtask/www'
    'SERVER_ADMIN' => '[no address given]'
    'SCRIPT_FILENAME' => 'C:/OpenServer/domains/yii2testtask/www/index.php'
    'REMOTE_PORT' => '44088'
    'REDIRECT_URL' => '/css/site.css'
    'GATEWAY_INTERFACE' => 'CGI/1.1'
    'SERVER_PROTOCOL' => 'HTTP/1.1'
    'REQUEST_METHOD' => 'GET'
    'QUERY_STRING' => ''
    'REQUEST_URI' => '/css/site.css'
    'SCRIPT_NAME' => '/index.php'
    'PHP_SELF' => '/index.php'
    'REQUEST_TIME_FLOAT' => 1440768337.362
    'REQUEST_TIME' => 1440768337
    'argv' => []
    'argc' => 0
]
2015-08-28 16:25:45 [127.0.0.1][-][-][error][yii\web\HttpException:404] exception 'yii\base\InvalidRouteException' with message 'Unable to resolve the request "asdgsad".' in C:\OpenServer\domains\yii2testtask\vendor\yiisoft\yii2\base\Module.php:461
Stack trace:
#0 C:\OpenServer\domains\yii2testtask\vendor\yiisoft\yii2\web\Application.php(83): yii\base\Module->runAction('asdgsad', Array)
#1 C:\OpenServer\domains\yii2testtask\vendor\yiisoft\yii2\base\Application.php(375): yii\web\Application->handleRequest(Object(yii\web\Request))
#2 C:\OpenServer\domains\yii2testtask\www\index.php(12): yii\base\Application->run()
#3 {main}

Next exception 'yii\web\NotFoundHttpException' with message 'Page not found.' in C:\OpenServer\domains\yii2testtask\vendor\yiisoft\yii2\web\Application.php:95
Stack trace:
#0 C:\OpenServer\domains\yii2testtask\vendor\yiisoft\yii2\base\Application.php(375): yii\web\Application->handleRequest(Object(yii\web\Request))
#1 C:\OpenServer\domains\yii2testtask\www\index.php(12): yii\base\Application->run()
#2 {main}
2015-08-28 16:25:45 [127.0.0.1][-][-][info][application] $_COOKIE = [
    '_csrf' => '093a6021e431e616afe40544023610b9a23199ae9066d700891369270b9c1e43s:32:\"Rzhm92UUws1wn29rtEObQxvbnRrHVNWP\";'
]

$_SERVER = [
    'REDIRECT_STATUS' => '200'
    'HTTP_HOST' => 'yii2testtask'
    'HTTP_CONNECTION' => 'keep-alive'
    'HTTP_ACCEPT' => 'text/html,application/xhtml+xml,application/xml;q=0.9,image/webp,*/*;q=0.8'
    'HTTP_UPGRADE_INSECURE_REQUESTS' => '1'
    'HTTP_USER_AGENT' => 'Mozilla/5.0 (Windows NT 10.0) AppleWebKit/537.36 (KHTML, like Gecko) Chrome/44.0.2403.157 Safari/537.36'
    'HTTP_ACCEPT_ENCODING' => 'gzip, deflate, sdch'
    'HTTP_ACCEPT_LANGUAGE' => 'ru-RU,ru;q=0.8,en-US;q=0.6,en;q=0.4,uk;q=0.2,de;q=0.2'
    'HTTP_COOKIE' => '_csrf=093a6021e431e616afe40544023610b9a23199ae9066d700891369270b9c1e43s%3A32%3A%22Rzhm92UUws1wn29rtEObQxvbnRrHVNWP%22%3B'
    'PATH' => 'c:\\openserver\\modules\\php\\PHP-5.6\\ext;c:\\openserver\\modules\\php\\PHP-5.6\\pear;c:\\openserver\\modules\\php\\PHP-5.6\\pear\\bin;c:\\openserver\\modules\\php\\PHP-5.6;c:\\openserver\\modules\\wget\\bin;c:\\openserver\\modules\\database\\MySQL-5.5\\bin;c:\\openserver\\modules\\http\\Apache-2.4\\bin;c:\\openserver\\modules\\http\\Apache-2.4;C:\\Windows\\system32;C:\\Windows;C:\\Windows\\system32\\Wbem'
    'SystemRoot' => 'C:\\Windows'
    'COMSPEC' => 'C:\\Windows\\system32\\cmd.exe'
    'PATHEXT' => '.COM;.EXE;.BAT;.CMD;.VBS;.VBE;.JS;.JSE;.WSF;.WSH;.MSC'
    'WINDIR' => 'C:\\Windows'
    'SERVER_SIGNATURE' => ''
    'SERVER_SOFTWARE' => 'Apache/2.4.10 (Win32)'
    'SERVER_NAME' => 'yii2testtask'
    'SERVER_ADDR' => '127.0.0.1'
    'SERVER_PORT' => '80'
    'REMOTE_ADDR' => '127.0.0.1'
    'DOCUMENT_ROOT' => 'C:/OpenServer/domains/yii2testtask/www'
    'REQUEST_SCHEME' => 'http'
    'CONTEXT_PREFIX' => ''
    'CONTEXT_DOCUMENT_ROOT' => 'C:/OpenServer/domains/yii2testtask/www'
    'SERVER_ADMIN' => '[no address given]'
    'SCRIPT_FILENAME' => 'C:/OpenServer/domains/yii2testtask/www/index.php'
    'REMOTE_PORT' => '44090'
    'REDIRECT_URL' => '/asdgsad'
    'GATEWAY_INTERFACE' => 'CGI/1.1'
    'SERVER_PROTOCOL' => 'HTTP/1.1'
    'REQUEST_METHOD' => 'GET'
    'QUERY_STRING' => ''
    'REQUEST_URI' => '/asdgsad'
    'SCRIPT_NAME' => '/index.php'
    'PHP_SELF' => '/index.php'
    'REQUEST_TIME_FLOAT' => 1440768345.253
    'REQUEST_TIME' => 1440768345
    'argv' => []
    'argc' => 0
]
2015-08-28 16:25:45 [127.0.0.1][-][-][error][yii\web\HttpException:404] exception 'yii\base\InvalidRouteException' with message 'Unable to resolve the request "css/site.css".' in C:\OpenServer\domains\yii2testtask\vendor\yiisoft\yii2\base\Module.php:461
Stack trace:
#0 C:\OpenServer\domains\yii2testtask\vendor\yiisoft\yii2\web\Application.php(83): yii\base\Module->runAction('css/site.css', Array)
#1 C:\OpenServer\domains\yii2testtask\vendor\yiisoft\yii2\base\Application.php(375): yii\web\Application->handleRequest(Object(yii\web\Request))
#2 C:\OpenServer\domains\yii2testtask\www\index.php(12): yii\base\Application->run()
#3 {main}

Next exception 'yii\web\NotFoundHttpException' with message 'Page not found.' in C:\OpenServer\domains\yii2testtask\vendor\yiisoft\yii2\web\Application.php:95
Stack trace:
#0 C:\OpenServer\domains\yii2testtask\vendor\yiisoft\yii2\base\Application.php(375): yii\web\Application->handleRequest(Object(yii\web\Request))
#1 C:\OpenServer\domains\yii2testtask\www\index.php(12): yii\base\Application->run()
#2 {main}
2015-08-28 16:25:45 [127.0.0.1][-][-][info][application] $_COOKIE = [
    '_csrf' => '093a6021e431e616afe40544023610b9a23199ae9066d700891369270b9c1e43s:32:\"Rzhm92UUws1wn29rtEObQxvbnRrHVNWP\";'
]

$_SERVER = [
    'REDIRECT_STATUS' => '200'
    'HTTP_HOST' => 'yii2testtask'
    'HTTP_CONNECTION' => 'keep-alive'
    'HTTP_ACCEPT' => 'text/css,*/*;q=0.1'
    'HTTP_USER_AGENT' => 'Mozilla/5.0 (Windows NT 10.0) AppleWebKit/537.36 (KHTML, like Gecko) Chrome/44.0.2403.157 Safari/537.36'
    'HTTP_REFERER' => 'http://yii2testtask/asdgsad'
    'HTTP_ACCEPT_ENCODING' => 'gzip, deflate, sdch'
    'HTTP_ACCEPT_LANGUAGE' => 'ru-RU,ru;q=0.8,en-US;q=0.6,en;q=0.4,uk;q=0.2,de;q=0.2'
    'HTTP_COOKIE' => '_csrf=093a6021e431e616afe40544023610b9a23199ae9066d700891369270b9c1e43s%3A32%3A%22Rzhm92UUws1wn29rtEObQxvbnRrHVNWP%22%3B'
    'PATH' => 'c:\\openserver\\modules\\php\\PHP-5.6\\ext;c:\\openserver\\modules\\php\\PHP-5.6\\pear;c:\\openserver\\modules\\php\\PHP-5.6\\pear\\bin;c:\\openserver\\modules\\php\\PHP-5.6;c:\\openserver\\modules\\wget\\bin;c:\\openserver\\modules\\database\\MySQL-5.5\\bin;c:\\openserver\\modules\\http\\Apache-2.4\\bin;c:\\openserver\\modules\\http\\Apache-2.4;C:\\Windows\\system32;C:\\Windows;C:\\Windows\\system32\\Wbem'
    'SystemRoot' => 'C:\\Windows'
    'COMSPEC' => 'C:\\Windows\\system32\\cmd.exe'
    'PATHEXT' => '.COM;.EXE;.BAT;.CMD;.VBS;.VBE;.JS;.JSE;.WSF;.WSH;.MSC'
    'WINDIR' => 'C:\\Windows'
    'SERVER_SIGNATURE' => ''
    'SERVER_SOFTWARE' => 'Apache/2.4.10 (Win32)'
    'SERVER_NAME' => 'yii2testtask'
    'SERVER_ADDR' => '127.0.0.1'
    'SERVER_PORT' => '80'
    'REMOTE_ADDR' => '127.0.0.1'
    'DOCUMENT_ROOT' => 'C:/OpenServer/domains/yii2testtask/www'
    'REQUEST_SCHEME' => 'http'
    'CONTEXT_PREFIX' => ''
    'CONTEXT_DOCUMENT_ROOT' => 'C:/OpenServer/domains/yii2testtask/www'
    'SERVER_ADMIN' => '[no address given]'
    'SCRIPT_FILENAME' => 'C:/OpenServer/domains/yii2testtask/www/index.php'
    'REMOTE_PORT' => '44090'
    'REDIRECT_URL' => '/css/site.css'
    'GATEWAY_INTERFACE' => 'CGI/1.1'
    'SERVER_PROTOCOL' => 'HTTP/1.1'
    'REQUEST_METHOD' => 'GET'
    'QUERY_STRING' => ''
    'REQUEST_URI' => '/css/site.css'
    'SCRIPT_NAME' => '/index.php'
    'PHP_SELF' => '/index.php'
    'REQUEST_TIME_FLOAT' => 1440768345.352
    'REQUEST_TIME' => 1440768345
    'argv' => []
    'argc' => 0
]
2015-08-28 22:22:16 [127.0.0.1][-][-][error][yii\web\HttpException:404] exception 'yii\base\InvalidRouteException' with message 'Unable to resolve the request "css/site.css".' in C:\OpenServer\domains\yii2testtask\vendor\yiisoft\yii2\base\Module.php:461
Stack trace:
#0 C:\OpenServer\domains\yii2testtask\vendor\yiisoft\yii2\web\Application.php(83): yii\base\Module->runAction('css/site.css', Array)
#1 C:\OpenServer\domains\yii2testtask\vendor\yiisoft\yii2\base\Application.php(375): yii\web\Application->handleRequest(Object(yii\web\Request))
#2 C:\OpenServer\domains\yii2testtask\www\index.php(12): yii\base\Application->run()
#3 {main}

Next exception 'yii\web\NotFoundHttpException' with message 'Page not found.' in C:\OpenServer\domains\yii2testtask\vendor\yiisoft\yii2\web\Application.php:95
Stack trace:
#0 C:\OpenServer\domains\yii2testtask\vendor\yiisoft\yii2\base\Application.php(375): yii\web\Application->handleRequest(Object(yii\web\Request))
#1 C:\OpenServer\domains\yii2testtask\www\index.php(12): yii\base\Application->run()
#2 {main}
2015-08-28 22:22:16 [127.0.0.1][-][-][info][application] $_COOKIE = [
    '_csrf' => '093a6021e431e616afe40544023610b9a23199ae9066d700891369270b9c1e43s:32:\"Rzhm92UUws1wn29rtEObQxvbnRrHVNWP\";'
]

$_SERVER = [
    'REDIRECT_STATUS' => '200'
    'HTTP_HOST' => 'yii2testtask'
    'HTTP_CONNECTION' => 'keep-alive'
    'HTTP_ACCEPT' => 'text/css,*/*;q=0.1'
    'HTTP_USER_AGENT' => 'Mozilla/5.0 (Windows NT 10.0) AppleWebKit/537.36 (KHTML, like Gecko) Chrome/44.0.2403.157 Safari/537.36'
    'HTTP_REFERER' => 'http://yii2testtask/'
    'HTTP_ACCEPT_ENCODING' => 'gzip, deflate, sdch'
    'HTTP_ACCEPT_LANGUAGE' => 'ru-RU,ru;q=0.8,en-US;q=0.6,en;q=0.4,uk;q=0.2,de;q=0.2'
    'HTTP_COOKIE' => '_csrf=093a6021e431e616afe40544023610b9a23199ae9066d700891369270b9c1e43s%3A32%3A%22Rzhm92UUws1wn29rtEObQxvbnRrHVNWP%22%3B'
    'PATH' => 'c:\\openserver\\modules\\php\\PHP-5.6\\ext;c:\\openserver\\modules\\php\\PHP-5.6\\pear;c:\\openserver\\modules\\php\\PHP-5.6\\pear\\bin;c:\\openserver\\modules\\php\\PHP-5.6;c:\\openserver\\modules\\wget\\bin;c:\\openserver\\modules\\database\\MySQL-5.5\\bin;c:\\openserver\\modules\\http\\Apache-2.4\\bin;c:\\openserver\\modules\\http\\Apache-2.4;C:\\Windows\\system32;C:\\Windows;C:\\Windows\\system32\\Wbem'
    'SystemRoot' => 'C:\\Windows'
    'COMSPEC' => 'C:\\Windows\\system32\\cmd.exe'
    'PATHEXT' => '.COM;.EXE;.BAT;.CMD;.VBS;.VBE;.JS;.JSE;.WSF;.WSH;.MSC'
    'WINDIR' => 'C:\\Windows'
    'SERVER_SIGNATURE' => ''
    'SERVER_SOFTWARE' => 'Apache/2.4.10 (Win32)'
    'SERVER_NAME' => 'yii2testtask'
    'SERVER_ADDR' => '127.0.0.1'
    'SERVER_PORT' => '80'
    'REMOTE_ADDR' => '127.0.0.1'
    'DOCUMENT_ROOT' => 'C:/OpenServer/domains/yii2testtask/www'
    'REQUEST_SCHEME' => 'http'
    'CONTEXT_PREFIX' => ''
    'CONTEXT_DOCUMENT_ROOT' => 'C:/OpenServer/domains/yii2testtask/www'
    'SERVER_ADMIN' => '[no address given]'
    'SCRIPT_FILENAME' => 'C:/OpenServer/domains/yii2testtask/www/index.php'
    'REMOTE_PORT' => '48271'
    'REDIRECT_URL' => '/css/site.css'
    'GATEWAY_INTERFACE' => 'CGI/1.1'
    'SERVER_PROTOCOL' => 'HTTP/1.1'
    'REQUEST_METHOD' => 'GET'
    'QUERY_STRING' => ''
    'REQUEST_URI' => '/css/site.css'
    'SCRIPT_NAME' => '/index.php'
    'PHP_SELF' => '/index.php'
    'REQUEST_TIME_FLOAT' => 1440789736.774
    'REQUEST_TIME' => 1440789736
    'argv' => []
    'argc' => 0
]
2015-08-29 19:05:55 [127.0.0.1][-][-][error][yii\web\HttpException:404] exception 'yii\base\InvalidRouteException' with message 'Unable to resolve the request "css/site.css".' in C:\OpenServer\domains\yii2testtask\vendor\yiisoft\yii2\base\Module.php:461
Stack trace:
#0 C:\OpenServer\domains\yii2testtask\vendor\yiisoft\yii2\web\Application.php(83): yii\base\Module->runAction('css/site.css', Array)
#1 C:\OpenServer\domains\yii2testtask\vendor\yiisoft\yii2\base\Application.php(375): yii\web\Application->handleRequest(Object(yii\web\Request))
#2 C:\OpenServer\domains\yii2testtask\www\index.php(12): yii\base\Application->run()
#3 {main}

Next exception 'yii\web\NotFoundHttpException' with message 'Page not found.' in C:\OpenServer\domains\yii2testtask\vendor\yiisoft\yii2\web\Application.php:95
Stack trace:
#0 C:\OpenServer\domains\yii2testtask\vendor\yiisoft\yii2\base\Application.php(375): yii\web\Application->handleRequest(Object(yii\web\Request))
#1 C:\OpenServer\domains\yii2testtask\www\index.php(12): yii\base\Application->run()
#2 {main}
2015-08-29 19:05:55 [127.0.0.1][-][-][info][application] $_COOKIE = [
    '_csrf' => 'f9cbda711336d7b6b9698961d36fd4c0b53791b7bb3ef84c33ed5eb06325c3c4s:32:\"LdJxY6y2dvKSNlI6eXMNGnL1AXymA8vB\";'
]

$_SERVER = [
    'REDIRECT_STATUS' => '200'
    'HTTP_HOST' => 'yii2testtask'
    'HTTP_CONNECTION' => 'keep-alive'
    'HTTP_ACCEPT' => 'text/css,*/*;q=0.1'
    'HTTP_USER_AGENT' => 'Mozilla/5.0 (Windows NT 10.0) AppleWebKit/537.36 (KHTML, like Gecko) Chrome/44.0.2403.157 Safari/537.36'
    'HTTP_REFERER' => 'http://yii2testtask/'
    'HTTP_ACCEPT_ENCODING' => 'gzip, deflate, sdch'
    'HTTP_ACCEPT_LANGUAGE' => 'ru-RU,ru;q=0.8,en-US;q=0.6,en;q=0.4,uk;q=0.2,de;q=0.2'
    'HTTP_COOKIE' => '_csrf=f9cbda711336d7b6b9698961d36fd4c0b53791b7bb3ef84c33ed5eb06325c3c4s%3A32%3A%22LdJxY6y2dvKSNlI6eXMNGnL1AXymA8vB%22%3B'
    'PATH' => 'c:\\openserver\\modules\\php\\PHP-5.6\\ext;c:\\openserver\\modules\\php\\PHP-5.6\\pear;c:\\openserver\\modules\\php\\PHP-5.6\\pear\\bin;c:\\openserver\\modules\\php\\PHP-5.6;c:\\openserver\\modules\\wget\\bin;c:\\openserver\\modules\\database\\MySQL-5.5\\bin;c:\\openserver\\modules\\http\\Apache-2.4\\bin;c:\\openserver\\modules\\http\\Apache-2.4;C:\\Windows\\system32;C:\\Windows;C:\\Windows\\system32\\Wbem'
    'SystemRoot' => 'C:\\Windows'
    'COMSPEC' => 'C:\\Windows\\system32\\cmd.exe'
    'PATHEXT' => '.COM;.EXE;.BAT;.CMD;.VBS;.VBE;.JS;.JSE;.WSF;.WSH;.MSC'
    'WINDIR' => 'C:\\Windows'
    'SERVER_SIGNATURE' => ''
    'SERVER_SOFTWARE' => 'Apache/2.4.10 (Win32)'
    'SERVER_NAME' => 'yii2testtask'
    'SERVER_ADDR' => '127.0.0.1'
    'SERVER_PORT' => '80'
    'REMOTE_ADDR' => '127.0.0.1'
    'DOCUMENT_ROOT' => 'C:/OpenServer/domains/yii2testtask/www'
    'REQUEST_SCHEME' => 'http'
    'CONTEXT_PREFIX' => ''
    'CONTEXT_DOCUMENT_ROOT' => 'C:/OpenServer/domains/yii2testtask/www'
    'SERVER_ADMIN' => '[no address given]'
    'SCRIPT_FILENAME' => 'C:/OpenServer/domains/yii2testtask/www/index.php'
    'REMOTE_PORT' => '51705'
    'REDIRECT_URL' => '/css/site.css'
    'GATEWAY_INTERFACE' => 'CGI/1.1'
    'SERVER_PROTOCOL' => 'HTTP/1.1'
    'REQUEST_METHOD' => 'GET'
    'QUERY_STRING' => ''
    'REQUEST_URI' => '/css/site.css'
    'SCRIPT_NAME' => '/index.php'
    'PHP_SELF' => '/index.php'
    'REQUEST_TIME_FLOAT' => 1440864355.351
    'REQUEST_TIME' => 1440864355
    'argv' => []
    'argc' => 0
]
